1593507609021	mozrunner::runner	INFO	Running command: "C:\\Program Files\\Mozilla Firefox\\firefox.exe" "-marionette" "-foreground" "-no-remote" "-profile" "C:\\Users\\TYLERT~1\\AppData\\Local\\Temp\\rust_mozprofile59cXnO"
JavaScript error: resource://gre/modules/XULStore.jsm, line 66: Error: Can't find profile directory.
1593507614728	mozrunner::runner	INFO	Running command: "C:\\Program Files\\Mozilla Firefox\\firefox.exe" "-marionette" "-foreground" "-no-remote" "-profile" "C:\\Users\\TYLERT~1\\AppData\\Local\\Temp\\rust_mozprofile6nkD5V"
JavaScript error: resource://gre/modules/XULStore.jsm, line 66: Error: Can't find profile directory.
1593507616869	Marionette	INFO	Listening on port 56723
1593507616946	Marionette	WARN	TLS certificate errors will be ignored for this session
1593507636378	Marionette	INFO	Stopped listening on port 56723

###!!! [Child][MessageChannel::SendAndWait] Error: Channel error: cannot send/recv

1593507640798	mozrunner::runner	INFO	Running command: "C:\\Program Files\\Mozilla Firefox\\firefox.exe" "-marionette" "-foreground" "-no-remote" "-profile" "C:\\Users\\TYLERT~1\\AppData\\Local\\Temp\\rust_mozprofilezsB5zw"
JavaScript error: resource://gre/modules/XULStore.jsm, line 66: Error: Can't find profile directory.
1593507643204	Marionette	INFO	Listening on port 56795
1593507643522	Marionette	WARN	TLS certificate errors will be ignored for this session
1593507654774	Marionette	INFO	Stopped listening on port 56795

###!!! [Child][RunMessage] Error: Channel closing: too late to send/recv, messages will be lost


###!!! [Child][MessageChannel::SendAndWait] Error: Channel error: cannot send/recv

1593508760048	mozrunner::runner	INFO	Running command: "C:\\Program Files\\Mozilla Firefox\\firefox.exe" "-marionette" "-foreground" "-no-remote" "-profile" "C:\\Users\\TYLERT~1\\AppData\\Local\\Temp\\rust_mozprofile1pR8c1"
JavaScript error: resource://gre/modules/XULStore.jsm, line 66: Error: Can't find profile directory.
1593508762088	Marionette	INFO	Listening on port 57276
1593508762164	Marionette	WARN	TLS certificate errors will be ignored for this session
1593508788686	Marionette	INFO	Stopped listening on port 57276

###!!! [Child][RunMessage] Error: Channel closing: too late to send/recv, messages will be lost


###!!! [Child][MessageChannel::SendAndWait] Error: Channel error: cannot send/recv

1593508807062	mozrunner::runner	INFO	Running command: "C:\\Program Files\\Mozilla Firefox\\firefox.exe" "-marionette" "-foreground" "-no-remote" "-profile" "C:\\Users\\TYLERT~1\\AppData\\Local\\Temp\\rust_mozprofileV9KP6Z"
JavaScript error: resource://gre/modules/XULStore.jsm, line 66: Error: Can't find profile directory.
1593508809035	Marionette	INFO	Listening on port 57396
1593508809176	Marionette	WARN	TLS certificate errors will be ignored for this session

###!!! [Child][MessageChannel] Error: (msgtype=0x59000D,name=PHttpChannel::Msg_DeletingChannel) Channel closing: too late to send/recv, messages will be lost

1593508840326	Marionette	INFO	Stopped listening on port 57396

###!!! [Child][RunMessage] Error: Channel closing: too late to send/recv, messages will be lost


###!!! [Child][MessageChannel::SendAndWait] Error: Channel error: cannot send/recv

1593508868776	mozrunner::runner	INFO	Running command: "C:\\Program Files\\Mozilla Firefox\\firefox.exe" "-marionette" "-foreground" "-no-remote" "-profile" "C:\\Users\\TYLERT~1\\AppData\\Local\\Temp\\rust_mozprofileveCkWl"
JavaScript error: resource://gre/modules/XULStore.jsm, line 66: Error: Can't find profile directory.
1593508870745	Marionette	INFO	Listening on port 57513
1593508870892	Marionette	WARN	TLS certificate errors will be ignored for this session

###!!! [Child][RunMessage] Error: Channel closing: too late to send/recv, messages will be lost

1593508886256	Marionette	INFO	Stopped listening on port 57513

###!!! [Child][MessageChannel::SendAndWait] Error: Channel error: cannot send/recv

1593508977830	mozrunner::runner	INFO	Running command: "C:\\Program Files\\Mozilla Firefox\\firefox.exe" "-marionette" "-foreground" "-no-remote" "-profile" "C:\\Users\\TYLERT~1\\AppData\\Local\\Temp\\rust_mozprofilebmLPBJ"
JavaScript error: resource://gre/modules/XULStore.jsm, line 66: Error: Can't find profile directory.
1593508979914	Marionette	INFO	Listening on port 57645
1593508979952	Marionette	WARN	TLS certificate errors will be ignored for this session
1593509012363	Marionette	INFO	Stopped listening on port 57645

###!!! [Child][RunMessage] Error: Channel closing: too late to send/recv, messages will be lost


###!!! [Child][MessageChannel::SendAndWait] Error: Channel error: cannot send/recv

1593509016435	mozrunner::runner	INFO	Running command: "C:\\Program Files\\Mozilla Firefox\\firefox.exe" "-marionette" "-foreground" "-no-remote" "-profile" "C:\\Users\\TYLERT~1\\AppData\\Local\\Temp\\rust_mozprofile58dXC1"
JavaScript error: resource://gre/modules/XULStore.jsm, line 66: Error: Can't find profile directory.
1593509018473	Marionette	INFO	Listening on port 57754
1593509018553	Marionette	WARN	TLS certificate errors will be ignored for this session

###!!! [Child][RunMessage] Error: Channel closing: too late to send/recv, messages will be lost

1593509753077	Marionette	INFO	Stopped listening on port 57754

###!!! [Child][RunMessage] Error: Channel closing: too late to send/recv, messages will be lost


###!!! [Child][MessageChannel::SendAndWait] Error: Channel error: cannot send/recv

1593509760771	mozrunner::runner	INFO	Running command: "C:\\Program Files\\Mozilla Firefox\\firefox.exe" "-marionette" "-foreground" "-no-remote" "-profile" "C:\\Users\\TYLERT~1\\AppData\\Local\\Temp\\rust_mozprofile17vHAU"
JavaScript error: resource://gre/modules/XULStore.jsm, line 66: Error: Can't find profile directory.
1593509763221	Marionette	INFO	Listening on port 58146
1593509763500	Marionette	WARN	TLS certificate errors will be ignored for this session

###!!! [Child][MessageChannel] Error: (msgtype=0x59000D,name=PHttpChannel::Msg_DeletingChannel) Channel closing: too late to send/recv, messages will be lost


###!!! [Child][RunMessage] Error: Channel closing: too late to send/recv, messages will be lost

1593509787198	Marionette	INFO	Stopped listening on port 58146

###!!! [Child][RunMessage] Error: Channel closing: too late to send/recv, messages will be lost


###!!! [Child][MessageChannel::SendAndWait] Error: Channel error: cannot send/recv

1593509870608	mozrunner::runner	INFO	Running command: "C:\\Program Files\\Mozilla Firefox\\firefox.exe" "-marionette" "-foreground" "-no-remote" "-profile" "C:\\Users\\TYLERT~1\\AppData\\Local\\Temp\\rust_mozprofilePp2iA7"
JavaScript error: resource://gre/modules/XULStore.jsm, line 66: Error: Can't find profile directory.
1593509872642	Marionette	INFO	Listening on port 58283
1593509872721	Marionette	WARN	TLS certificate errors will be ignored for this session
1593509915798	Marionette	INFO	Stopped listening on port 58283

###!!! [Child][RunMessage] Error: Channel closing: too late to send/recv, messages will be lost


###!!! [Child][MessageChannel::SendAndWait] Error: Channel error: cannot send/recv

1593509919947	mozrunner::runner	INFO	Running command: "C:\\Program Files\\Mozilla Firefox\\firefox.exe" "-marionette" "-foreground" "-no-remote" "-profile" "C:\\Users\\TYLERT~1\\AppData\\Local\\Temp\\rust_mozprofileWQbxgj"
JavaScript error: resource://gre/modules/XULStore.jsm, line 66: Error: Can't find profile directory.
1593509921907	Marionette	INFO	Listening on port 58398
1593509922061	Marionette	WARN	TLS certificate errors will be ignored for this session

###!!! [Child][MessageChannel] Error: (msgtype=0x590005,name=PHttpChannel::Msg_Cancel) Channel closing: too late to send/recv, messages will be lost

1593509945179	Marionette	INFO	Stopped listening on port 58398

###!!! [Child][MessageChannel::SendAndWait] Error: Channel error: cannot send/recv

1593684871804	mozrunner::runner	INFO	Running command: "C:\\Program Files\\Mozilla Firefox\\firefox.exe" "-marionette" "-foreground" "-no-remote" "-profile" "C:\\Users\\TYLERT~1\\AppData\\Local\\Temp\\rust_mozprofilexpqUpO"
JavaScript error: resource://gre/modules/XULStore.jsm, line 66: Error: Can't find profile directory.
1593684874113	Marionette	INFO	Listening on port 60532
1593684874521	Marionette	WARN	TLS certificate errors will be ignored for this session
JavaScript error: , line 0: TypeError: NetworkError when attempting to fetch resource.
1593684911750	Marionette	INFO	Stopped listening on port 60532

###!!! [Child][RunMessage] Error: Channel closing: too late to send/recv, messages will be lost


###!!! [Child][MessageChannel::SendAndWait] Error: Channel error: cannot send/recv

1593764371699	mozrunner::runner	INFO	Running command: "C:\\Program Files\\Mozilla Firefox\\firefox.exe" "-marionette" "-foreground" "-no-remote" "-profile" "C:\\Users\\TYLERT~1\\AppData\\Local\\Temp\\rust_mozprofilebqY5rU"
JavaScript error: resource://gre/modules/XULStore.jsm, line 66: Error: Can't find profile directory.
1593764374428	Marionette	INFO	Listening on port 54015
1593764374819	Marionette	WARN	TLS certificate errors will be ignored for this session
JavaScript error: , line 0: TypeError: NetworkError when attempting to fetch resource.
1593764420900	mozrunner::runner	INFO	Running command: "C:\\Program Files\\Mozilla Firefox\\firefox.exe" "-marionette" "-foreground" "-no-remote" "-profile" "C:\\Users\\TYLERT~1\\AppData\\Local\\Temp\\rust_mozprofileQCKFkz"
JavaScript error: resource://gre/modules/XULStore.jsm, line 66: Error: Can't find profile directory.
1593764422869	Marionette	INFO	Listening on port 54145
1593764422912	Marionette	WARN	TLS certificate errors will be ignored for this session
JavaScript error: , line 0: TypeError: NetworkError when attempting to fetch resource.
1593764432226	Marionette	INFO	Stopped listening on port 54145

###!!! [Child][RunMessage] Error: Channel closing: too late to send/recv, messages will be lost


###!!! [Child][MessageChannel::SendAndWait] Error: Channel error: cannot send/recv

